<?xml version="1.0" encoding="UTF-8"?>
<robot generator="Robot 5.0.1 (Python 3.9.13 on win32)" generated="20230703 10:38:57.688" rpa="true" schemaversion="3">
<suite id="s1" name="Tasks" source="c:\Users\bernh\OneDrive\Dokumente\Aconio\my-rsb-robot\tasks.robot">
<test id="s1-t1" name="Create your own robot" line="17">
<kw name="Open the Website">
<kw name="Open Available Browser" library="RPA.Browser.Selenium">
<arg>https://robotsparebinindustries.com/#/robot-order</arg>
<doc>Attempts to open a browser on the user's device from a set of
supported browsers. Automatically downloads a corresponding webdriver
if none is already installed.</doc>
<msg timestamp="20230703 10:39:00.700" level="INFO">Creating an instance of the Chrome WebDriver.</msg>
<msg timestamp="20230703 10:39:01.227" level="WARN">The version of chrome cannot be detected. Trying with latest driver version</msg>
<msg timestamp="20230703 10:39:04.811" level="INFO">====== WebDriver manager ======</msg>
<msg timestamp="20230703 10:39:05.840" level="INFO">Downloaded webdriver to: C:\Users\bernh\AppData\Local\robocorp\webdrivers\.wdm\drivers\chromedriver\win32\114.0.5735.90\chromedriver.exe</msg>
<msg timestamp="20230703 10:39:05.841" level="INFO">Creating an instance of the Chrome WebDriver.</msg>
<msg timestamp="20230703 10:39:08.400" level="INFO">Creating an instance of the Firefox WebDriver.</msg>
<msg timestamp="20230703 10:39:08.913" level="WARN">The version of firefox cannot be detected. Trying with latest driver version</msg>
<msg timestamp="20230703 10:39:11.980" level="INFO">====== WebDriver manager ======</msg>
<msg timestamp="20230703 10:39:12.764" level="INFO">Downloaded webdriver to: C:\Users\bernh\AppData\Local\robocorp\webdrivers\.wdm\drivers\geckodriver\win64\v0.33.0\geckodriver.exe</msg>
<msg timestamp="20230703 10:39:12.766" level="INFO">Creating an instance of the Firefox WebDriver.</msg>
<msg timestamp="20230703 10:39:15.852" level="INFO">Creating an instance of the Edge WebDriver.</msg>
<msg timestamp="20230703 10:39:17.135" level="INFO">Created Edge browser with arguments: </msg>
<msg timestamp="20230703 10:39:17.135" level="INFO" html="true">&lt;p&gt;Attempted combinations:&lt;/p&gt;&lt;div class="doc"&gt;&lt;table&gt;&lt;tr&gt;&lt;th&gt;Browser&lt;/th&gt;&lt;th&gt;Download&lt;/th&gt;&lt;th&gt;Error&lt;/th&gt;&lt;/tr&gt;&lt;tr&gt;&lt;td&gt;Chrome&lt;/td&gt;&lt;td&gt;False&lt;/td&gt;&lt;td&gt;Message: unknown error: cannot find Chrome binary
Stacktrace:
Backtrace:
	GetHandleVerifier [0x00E6A813+48355]
	(No symbol) [0x00DFC4B1]
	(No symbol) [0x00D05358]
	(No symbol) [0x00D21A9E]
	(No symbol) [0x00D20579]
	(No symbol) [0x00D50C55]
	(No symbol) [0x00D5093C]
	(No symbol) [0x00D4A536]
	(No symbol) [0x00D282DC]
	(No symbol) [0x00D293DD]
	GetHandleVerifier [0x010CAABD+2539405]
	GetHandleVerifier [0x0110A78F+2800735]
	GetHandleVerifier [0x0110456C+2775612]
	GetHandleVerifier [0x00EF51E0+616112]
	(No symbol) [0x00E05F8C]
	(No symbol) [0x00E02328]
	(No symbol) [0x00E0240B]
	(No symbol) [0x00DF4FF7]
	BaseThreadInitThunk [0x77140099+25]
	RtlGetAppContainerNamedObjectPath [0x77577B6E+286]
	RtlGetAppContainerNamedObjectPath [0x77577B3E+238]
&lt;/td&gt;&lt;/tr&gt;&lt;tr&gt;&lt;td&gt;Chrome&lt;/td&gt;&lt;td&gt;True&lt;/td&gt;&lt;td&gt;Message: unknown error: cannot find Chrome binary
Stacktrace:
Backtrace:
	GetHandleVerifier [0x004BA813+48355]
	(No symbol) [0x0044C4B1]
	(No symbol) [0x00355358]
	(No symbol) [0x00371A9E]
	(No symbol) [0x00370579]
	(No symbol) [0x003A0C55]
	(No symbol) [0x003A093C]
	(No symbol) [0x0039A536]
	(No symbol) [0x003782DC]
	(No symbol) [0x003793DD]
	GetHandleVerifier [0x0071AABD+2539405]
	GetHandleVerifier [0x0075A78F+2800735]
	GetHandleVerifier [0x0075456C+2775612]
	GetHandleVerifier [0x005451E0+616112]
	(No symbol) [0x00455F8C]
	(No symbol) [0x00452328]
	(No symbol) [0x0045240B]
	(No symbol) [0x00444FF7]
	BaseThreadInitThunk [0x77140099+25]
	RtlGetAppContainerNamedObjectPath [0x77577B6E+286]
	RtlGetAppContainerNamedObjectPath [0x77577B3E+238]
&lt;/td&gt;&lt;/tr&gt;&lt;tr&gt;&lt;td&gt;Firefox&lt;/td&gt;&lt;td&gt;False&lt;/td&gt;&lt;td&gt;Message: Expected browser binary location, but unable to find binary in default location, no 'moz:firefoxOptions.binary' capability provided, and no binary flag set on the command line
&lt;/td&gt;&lt;/tr&gt;&lt;tr&gt;&lt;td&gt;Firefox&lt;/td&gt;&lt;td&gt;True&lt;/td&gt;&lt;td&gt;Message: Expected browser binary location, but unable to find binary in default location, no 'moz:firefoxOptions.binary' capability provided, and no binary flag set on the command line
&lt;/td&gt;&lt;/tr&gt;&lt;tr&gt;&lt;td&gt;Edge&lt;/td&gt;&lt;td&gt;False&lt;/td&gt;&lt;td&gt;&lt;/td&gt;&lt;/tr&gt;&lt;/table&gt;&lt;/div&gt;</msg>
<msg timestamp="20230703 10:39:17.135" level="INFO">Opening url 'https://robotsparebinindustries.com/#/robot-order'</msg>
<status status="PASS" starttime="20230703 10:39:00.699" endtime="20230703 10:39:17.565"/>
</kw>
<status status="PASS" starttime="20230703 10:39:00.697" endtime="20230703 10:39:17.565"/>
</kw>
<kw name="Close the annoying modal">
<kw name="Click Button" library="RPA.Browser.Selenium">
<arg>OK</arg>
<doc>Clicks the button identified by ``locator``.</doc>
<msg timestamp="20230703 10:39:17.568" level="INFO">Clicking button 'OK'.</msg>
<status status="PASS" starttime="20230703 10:39:17.567" endtime="20230703 10:39:17.638"/>
</kw>
<status status="PASS" starttime="20230703 10:39:17.566" endtime="20230703 10:39:17.639"/>
</kw>
<kw name="Download the CSV File">
<kw name="Download" library="RPA.HTTP">
<arg>https://robotsparebinindustries.com/orders.csv</arg>
<doc>An alias for the ``HTTP Get`` keyword.</doc>
<msg timestamp="20230703 10:39:17.642" level="INFO">Creating a new HTTP session</msg>
<msg timestamp="20230703 10:39:17.643" level="INFO">Creating Session using : alias=rpasession_alias.httpsrobotsparebinindustries.com, url=https://robotsparebinindustries.com, headers={},                     cookies={}, auth=None, timeout=None, proxies=None, verify=True,                     debug=0 </msg>
<status status="PASS" starttime="20230703 10:39:17.641" endtime="20230703 10:39:18.012"/>
</kw>
<status status="PASS" starttime="20230703 10:39:17.640" endtime="20230703 10:39:18.012"/>
</kw>
<kw name="Read table from CSV" library="RPA.Tables">
<var>${orders}</var>
<arg>orders.csv</arg>
<doc>Read a CSV file as a table.</doc>
<msg timestamp="20230703 10:39:30.302" level="INFO">${orders} = Table(columns=['Order number', 'Head', 'Body', 'Legs', 'Address'], rows=20)</msg>
<status status="PASS" starttime="20230703 10:39:18.014" endtime="20230703 10:39:30.302"/>
</kw>
<kw name="Fill in all Orders">
<arg>${orders}</arg>
<for flavor="IN">
<var>${row}</var>
<value>@{orders}</value>
<iter>
<var name="${row}">{'Order number': '1', 'Head': '1', 'Body': '2', 'Legs': '3', 'Address': 'Address 123'}</var>
<kw name="Fill the form">
<arg>${row}</arg>
<kw name="Wait Until Element Is Visible" library="RPA.Browser.Selenium">
<arg>xpath://select[@id='head']</arg>
<doc>Waits until the element ``locator`` is visible.</doc>
<status status="PASS" starttime="20230703 10:39:30.305" endtime="20230703 10:39:30.333"/>
</kw>
<kw name="Select From List By Value" library="RPA.Browser.Selenium">
<arg>xpath://select[@id='head']</arg>
<arg>@{row}[Head]</arg>
<doc>Selects options from selection list ``locator`` by ``values``.</doc>
<msg timestamp="20230703 10:39:30.334" level="FAIL">Value of variable '@{row}[Head]' is not list or list-like.</msg>
<status status="FAIL" starttime="20230703 10:39:30.333" endtime="20230703 10:39:30.334"/>
</kw>
<kw name="Select Radio Button" library="RPA.Browser.Selenium">
<arg>body</arg>
<arg>${row}[Body]</arg>
<doc>Sets the radio button group ``group_name`` to ``value``.</doc>
<status status="NOT RUN" starttime="20230703 10:39:30.335" endtime="20230703 10:39:30.335"/>
</kw>
<kw name="Sleep" library="BuiltIn">
<arg>1s</arg>
<doc>Pauses the test executed for the given time.</doc>
<status status="NOT RUN" starttime="20230703 10:39:30.336" endtime="20230703 10:39:30.336"/>
</kw>
<kw name="Input Text" library="RPA.Browser.Selenium">
<arg>xpath://input[@class='form-control'and @type='number']</arg>
<arg>@{row}[Legs]</arg>
<doc>Types the given ``text`` into the text field identified by ``locator``.</doc>
<status status="NOT RUN" starttime="20230703 10:39:30.336" endtime="20230703 10:39:30.336"/>
</kw>
<kw name="Input Text" library="RPA.Browser.Selenium">
<arg>xpath://input[@class='form-control'and @type='text']</arg>
<arg>@{row}[Address]</arg>
<doc>Types the given ``text`` into the text field identified by ``locator``.</doc>
<status status="NOT RUN" starttime="20230703 10:39:30.336" endtime="20230703 10:39:30.336"/>
</kw>
<kw name="Click Button" library="RPA.Browser.Selenium">
<arg>order</arg>
<doc>Clicks the button identified by ``locator``.</doc>
<status status="NOT RUN" starttime="20230703 10:39:30.337" endtime="20230703 10:39:30.337"/>
</kw>
<kw name="Click Button When Visible" library="RPA.Browser.Selenium">
<arg>order-another</arg>
<doc>Click button identified by ``locator``, once it becomes visible.</doc>
<status status="NOT RUN" starttime="20230703 10:39:30.337" endtime="20230703 10:39:30.337"/>
</kw>
<kw name="Close the annoying modal">
<status status="NOT RUN" starttime="20230703 10:39:30.337" endtime="20230703 10:39:30.337"/>
</kw>
<status status="FAIL" starttime="20230703 10:39:30.305" endtime="20230703 10:39:30.338"/>
</kw>
<status status="FAIL" starttime="20230703 10:39:30.305" endtime="20230703 10:39:30.338"/>
</iter>
<status status="FAIL" starttime="20230703 10:39:30.304" endtime="20230703 10:39:30.338"/>
</for>
<status status="FAIL" starttime="20230703 10:39:30.303" endtime="20230703 10:39:30.339"/>
</kw>
<status status="FAIL" starttime="20230703 10:39:00.696" endtime="20230703 10:39:30.340">Value of variable '@{row}[Head]' is not list or list-like.</status>
</test>
<doc>Orders robots from RobotSpareBin Industries Inc.
Saves the order HTML receipt as a PDF file.
Saves the screenshot of the ordered robot.
Embeds the screenshot of the robot to the PDF receipt.
Creates ZIP archive of the receipts and the images.</doc>
<status status="FAIL" starttime="20230703 10:38:57.697" endtime="20230703 10:39:30.345"/>
</suite>
<statistics>
<total>
<stat pass="0" fail="1" skip="0">All Tasks</stat>
</total>
<tag>
</tag>
<suite>
<stat pass="0" fail="1" skip="0" id="s1" name="Tasks">Tasks</stat>
</suite>
</statistics>
<errors>
<msg timestamp="20230703 10:39:00.695" level="WARN">No input work items file found: None</msg>
<msg timestamp="20230703 10:39:01.227" level="WARN">The version of chrome cannot be detected. Trying with latest driver version</msg>
<msg timestamp="20230703 10:39:08.913" level="WARN">The version of firefox cannot be detected. Trying with latest driver version</msg>
<msg timestamp="20230703 10:39:30.341" level="ERROR">Releasing item '0' with FAILED state and exception: {'type': 'APPLICATION', 'code': None, 'message': "Value of variable '@{row}[Head]' is not list or list-like."}</msg>
</errors>
</robot>
